Arguments: 
  C:\Program Files\nodejs\node.exe C:\Users\tooth\AppData\Roaming\npm\node_modules\yarn\bin\yarn.js add react-router-dom

PATH: 
  C:\Python39\Scripts\;C:\Python39\;C:\Windows\system32;C:\Windows;C:\Windows\System32\Wbem;C:\Windows\System32\WindowsPowerShell\v1.0\;C:\Windows\System32\OpenSSH\;C:\Program Files (x86)\NVIDIA Corporation\PhysX\Common;C:\Program Files (x86)\Inkscape\bin;C:\WINDOWS\system32;C:\WINDOWS;C:\WINDOWS\System32\Wbem;C:\WINDOWS\System32\WindowsPowerShell\v1.0\;C:\WINDOWS\System32\OpenSSH\;C:\ProgramData\chocolatey\bin;C:\Users\tooth\AppData\Roaming\nvm;C:\Program Files\nodejs;C:\Program Files\Git\cmd;C:\Users\tooth\AppData\Local\Microsoft\WindowsApps;C:\Users\tooth\AppData\Local\GitHubDesktop\bin;C:\Users\tooth\AppData\Local\Microsoft\WindowsApps;C:\Users\tooth\AppData\Local\atom\bin;C:\Users\tooth\AppData\Roaming\npm;C:\Users\tooth\AppData\Roaming\nvm;C:\Program Files\nodejs;C:\Program Files\MongoDB\Server\4.4\bin;C:\Program Files\MongoDB\Tools\100\bin;C:\Program Files (x86)\heroku\bin;C:\Users\tooth\AppData\Local\Programs\Microsoft VS Code\bin

Yarn version: 
  1.22.10

Node version: 
  14.16.1

Platform: 
  win32 x64

Trace: 
  Error: EPERM: operation not permitted, unlink 'C:\Users\tooth\Documents\careerfoundry\movie_api\myFlix-client\node_modules\@parcel\source-map\parcel_sourcemap_node\artifacts\index.win32-x64-msvc.node'

npm manifest: 
  {
    "name": "myflix-client",
    "version": "1.0.0",
    "main": "src/index.html",
    "scripts": {
      "test": "echo \"Error: no test specified\" && exit 1"
    },
    "author": "",
    "license": "ISC",
    "repository": {
      "type": "git",
      "url": "git+https://github.com/jmstman/myFlix-client.git"
    },
    "bugs": {
      "url": "https://github.com/jmstman/myFlix-client/issues"
    },
    "homepage": "https://github.com/jmstman/myFlix-client#readme",
    "description": "",
    "dependencies": {
      "axios": "^0.21.1",
      "bootstrap": "^4.6.0",
      "jquery": "^3.6.0",
      "popper.js": "^1.16.1",
      "prop-types": "^15.7.2",
      "react": "^17.0.2",
      "react-bootstrap": "^1.6.1",
      "react-dom": "^17.0.2"
    },
    "devDependencies": {
      "@parcel/transformer-sass": "^2.0.0-beta.3.1"
    }
  }

yarn manifest: 
  No manifest

Lockfile: 
  No lockfile
